
FILE IDENTIFICATION
 0V DLAY HNAME         HOLLERITH FILE NAME - DLAYXS -
XS *     HUSE(1)       HOLLERITH USER IDENTIFICATION
         HUSE(2)       HOLLERITH USER IDENTIFICATION
******** IVERS         FILE VERSION NUMBER

FILE CONTROL    (1D RECORD)
       2 NGROUP        NUMBER OF NEUTRON ENERGY GROUPS IN SET
       6 NISOD         NUMBER OF ISOTOPES IN DELAYED NEUTRON SET
      36 NFAM          NUMBER OF DELAYED NEUTRON FAMILIES IN SET
       0 IDUM          DUMMY TO MAKE UP FOUR WORD RECORD.

FILE DATA, DECAY CONSTANTS, AND EMISSION SPECTRA    (2D RECORD)
HABSID(I)     HOLLERITH ABSOLUTE ISOTOPE LABEL FOR ISOTOPE I
  1 U235_7       2 PU2397       3 U238_7       4 PU2407       5 PU2417     
  6 PU2427     
FLAM(N)       DELAYED NEUTRON PRECURSOR DECAY CONSTANT FOR FAMILY N
  1 0.133360E-01     2 0.327390E-01     3 0.120780E+00     4 0.302780E+00     5 0.849490E+00   
  6 0.285300E+01     7 0.132710E-01     8 0.308810E-01     9 0.113370E+00    10 0.292500E+00   
 11 0.857490E+00    12 0.272970E+01    13 0.136300E-01    14 0.313340E-01    15 0.123340E+00   
 16 0.323730E+00    17 0.905970E+00    18 0.304870E+01    19 0.133290E-01    20 0.305100E-01   
 21 0.115160E+00    22 0.297400E+00    23 0.847660E+00    24 0.287960E+01    25 0.135990E-01   
 26 0.299660E-01    27 0.116730E+00    28 0.306910E+00    29 0.870100E+00    30 0.300280E+01   
 31 0.136030E-01    32 0.302380E-01    33 0.115430E+00    34 0.304190E+00    35 0.827210E+00   
 36 0.313720E+01   
CHID(J,N)     FRACTION OF DELAYED NEUTRONS EMITTED INTO NEUTRON ENERGY GROUP J FROM PRECURSOR FAMILY N
0.999999E+00 0.999996E+00 0.999997E+00 0.999998E+00 0.999999E+00 0.999999E+00 0.999999E+00 0.999998E+00 0.999996E+00 0.999998E+00 0.999999E+00 0.999999E+00 0.999999E+00 0.999997E+00 0.999997E+00 0.999998E+00 0.999999E+00 0.999999E+00 0.999999E+00 0.999998E+00 0.999997E+00 0.999998E+00 0.999999E+00 0.999999E+00 0.999999E+00 0.999998E+00 0.999997E+00 0.999998E+00 0.999999E+00 0.999999E+00 0.999999E+00 0.999998E+00 0.999996E+00 0.999998E+00 0.999999E+00 0.999999E+00 
0.839967E-06 0.376393E-05 0.263127E-05 0.167578E-05 0.111640E-05 0.842376E-06 0.805087E-06 0.232176E-05 0.359249E-05 0.151085E-05 0.855993E-06 0.886341E-06 0.690460E-06 0.311222E-05 0.301044E-05 0.227615E-05 0.133165E-05 0.813404E-06 0.729646E-06 0.213539E-05 0.318112E-05 0.172610E-05 0.968199E-06 0.874338E-06 0.546676E-06 0.178259E-05 0.350827E-05 0.201930E-05 0.110399E-05 0.874906E-06 0.560308E-06 0.219847E-05 0.351416E-05 0.205078E-05 0.112828E-05 0.852886E-06 
EMAX(J)       MAXIMUM ENERGY BOUND OF GROUP J (EV)
  1 0.141907E+08     2 0.399387E+01   
EMIN          MINIMUM ENERGY BOUND OF SET (EV)
0.414000E+00
NKFAM(I)      NUMBER OF FAMILIES TO WHICH FISSION IN ISOTOPE I CONTRIBUTES DELAYED NEUTRON PRECURSORS
  1      6     2      6     3      6     4      6     5      6   
  6      6   
LOCA(I)       NUMBER OF RECORDS TO BE SKIPPED TO READ DATA FOR ISOTOPE I.  LOCA(1)=0
  1      0     2      1     3      2     4      3     5      4   
  6      5   

--------------------------------------------------------------------------------
DELAYED NEUTRON PRECURSOR YIELD DATA   (3D RECORD)
--------------------------------------------------------------------------------

  1
SNUDEL(J,K)   NUMBER OF DELAYED NEUTRON PRECURSORS PRODUCED IN FAMILY NUMBER NUMFAM(K) PER FISSION IN GROUP J
0.419452E-03 0.216437E-02 0.206730E-02 0.463435E-02 0.189952E-02 0.796001E-03 
0.584500E-03 0.301602E-02 0.288075E-02 0.645789E-02 0.264695E-02 0.110921E-02 
NUMFAM(K)     FAMILY NUMBER OF THE K-TH YIELD VECTOR IN ARRAY SNUDEL(J,K)
  1      1     2      2     3      3     4      4     5      5   
  6      6   

  2
SNUDEL(J,K)   NUMBER OF DELAYED NEUTRON PRECURSORS PRODUCED IN FAMILY NUMBER NUMFAM(K) PER FISSION IN GROUP J
0.186367E-03 0.121371E-02 0.918495E-03 0.167690E-02 0.873455E-03 0.264363E-03 
0.234171E-03 0.152503E-02 0.115409E-02 0.210703E-02 0.109750E-02 0.332173E-03 
NUMFAM(K)     FAMILY NUMBER OF THE K-TH YIELD VECTOR IN ARRAY SNUDEL(J,K)
  1      7     2      8     3      9     4     10     5     11   
  6     12   

  3
SNUDEL(J,K)   NUMBER OF DELAYED NEUTRON PRECURSORS PRODUCED IN FAMILY NUMBER NUMFAM(K) PER FISSION IN GROUP J
0.477031E-03 0.386248E-02 0.448676E-02 0.131891E-01 0.869785E-02 0.353064E-02 
0.612920E-03 0.496276E-02 0.576488E-02 0.169462E-01 0.111756E-01 0.453640E-02 
NUMFAM(K)     FAMILY NUMBER OF THE K-TH YIELD VECTOR IN ARRAY SNUDEL(J,K)
  1     13     2     14     3     15     4     16     5     17   
  6     18   

  4
SNUDEL(J,K)   NUMBER OF DELAYED NEUTRON PRECURSORS PRODUCED IN FAMILY NUMBER NUMFAM(K) PER FISSION IN GROUP J
0.231919E-03 0.183472E-02 0.109414E-02 0.237423E-02 0.130251E-02 0.396866E-03 
0.287717E-03 0.227613E-02 0.135738E-02 0.297053E-02 0.161588E-02 0.492349E-03 
NUMFAM(K)     FAMILY NUMBER OF THE K-TH YIELD VECTOR IN ARRAY SNUDEL(J,K)
  1     19     2     20     3     21     4     22     5     23   
  6     24   

  5
SNUDEL(J,K)   NUMBER OF DELAYED NEUTRON PRECURSORS PRODUCED IN FAMILY NUMBER NUMFAM(K) PER FISSION IN GROUP J
0.206181E-03 0.256225E-02 0.162903E-02 0.398956E-02 0.225694E-02 0.779153E-03 
0.292401E-03 0.363372E-02 0.231025E-02 0.565791E-02 0.320074E-02 0.110498E-02 
NUMFAM(K)     FAMILY NUMBER OF THE K-TH YIELD VECTOR IN ARRAY SNUDEL(J,K)
  1     25     2     26     3     27     4     28     5     29   
  6     30   

  6
SNUDEL(J,K)   NUMBER OF DELAYED NEUTRON PRECURSORS PRODUCED IN FAMILY NUMBER NUMFAM(K) PER FISSION IN GROUP J
0.292110E-03 0.344252E-02 0.186832E-02 0.485148E-02 0.267893E-02 0.106502E-02 
0.386884E-03 0.455945E-02 0.247450E-02 0.642553E-02 0.269965E-02 0.141057E-02 
NUMFAM(K)     FAMILY NUMBER OF THE K-TH YIELD VECTOR IN ARRAY SNUDEL(J,K)
  1     31     2     32     3     33     4     34     5     35   
  6     36   
